生成启动时间为 2017/5/29 星期一 14:45:54。
     1>项目“E:\CHENGXU-VS\ConsoleApplication0518\ConsoleApplication0518\ConsoleApplication0518.vcxproj”在节点 2 上(Build 个目标)。
     1>InitializeBuildStatus:
         正在创建“Release\ConsoleApplication0518.unsuccessfulbuild”，因为已指定“AlwaysCreate”。
       ClCompile:
         G:\visual studio\VS2012-20170317\VC\bin\CL.exe /c /I"G:\visualleakdetector\Visual Leak Detector\include" /Zi /nologo /W3 /WX- /O2 /Oi /Oy- /GL /D WIN32 /D NDEBUG /D _CONSOLE /D _UNICODE /D UNICODE /Gm- /EHsc /MD /GS /Gy /fp:precise /Zc:wchar_t /Zc:forScope /Fo"Release\\" /Fd"Release\vc110.pdb" /Gd /TP /analyze- /errorReport:prompt Carc.cpp Cexception.cpp Cfichier.cpp Cgraphe.cpp CGrapheOperation.cpp Csommet.cpp CSommetOperation.cpp main.cpp
         Carc.cpp
         Cexception.cpp
         Cfichier.cpp
     1>Cfichier.cpp(201): warning C4244: “=”: 从“double”转换到“int”，可能丢失数据
     1>Cfichier.cpp(225): warning C4172: 返回局部变量或临时变量的地址
     1>Cfichier.cpp(282): warning C4244: “=”: 从“double”转换到“int”，可能丢失数据
         Cgraphe.cpp
         CGrapheOperation.cpp
         Csommet.cpp
         CSommetOperation.cpp
         main.cpp
       Link:
         G:\visual studio\VS2012-20170317\VC\bin\link.exe /ERRORREPORT:PROMPT /OUT:"E:\CHENGXU-VS\ConsoleApplication0518\Release\ConsoleApplication0518.exe" /INCREMENTAL:NO /NOLOGO /LIBPATH:"G:\visualleakdetector\Visual Leak Detector\lib\Win32" kernel32.lib user32.lib gdi32.lib winspool.lib comdlg32.lib advapi32.lib shell32.lib ole32.lib oleaut32.lib uuid.lib odbc32.lib odbccp32.lib /MANIFEST /MANIFESTUAC:"level='asInvoker' uiAccess='false'" /manifest:embed /DEBUG /PDB:"E:\CHENGXU-VS\ConsoleApplication0518\Release\ConsoleApplication0518.pdb" /SUBSYSTEM:CONSOLE /OPT:REF /OPT:ICF /LTCG /TLBID:1 /DYNAMICBASE /NXCOMPAT /IMPLIB:"E:\CHENGXU-VS\ConsoleApplication0518\Release\ConsoleApplication0518.lib" /MACHINE:X86 /SAFESEH Release\Carc.obj
         Release\Cexception.obj
         Release\Cfichier.obj
         Release\Cgraphe.obj
         Release\CGrapheOperation.obj
         Release\Csommet.obj
         Release\CSommetOperation.obj
         Release\main.obj
         正在生成代码
     1>e:\chengxu-vs\consoleapplication0518\consoleapplication0518\cgrapheoperation.cpp(365): warning C4715: “CGrapheOperation::GRAColorierSommet”: 不是所有的控件路径都返回值
     1>e:\chengxu-vs\consoleapplication0518\consoleapplication0518\cfichier.cpp(148): warning C4715: “CFichier::FICDeterminerFichierType”: 不是所有的控件路径都返回值
         已完成代码的生成
         ConsoleApplication0518.vcxproj -> E:\CHENGXU-VS\ConsoleApplication0518\Release\ConsoleApplication0518.exe
       FinalizeBuildStatus:
         正在删除文件“Release\ConsoleApplication0518.unsuccessfulbuild”。
         正在对“Release\ConsoleApplication0518.lastbuildstate”执行 Touch 任务。
     1>已完成生成项目“E:\CHENGXU-VS\ConsoleApplication0518\ConsoleApplication0518\ConsoleApplication0518.vcxproj”(Build 个目标)的操作。

生成成功。

已用时间 00:00:06.45
